<?xml version="1.0" encoding="UTF-8"?>
<!-- Generated by org.testng.reporters.JUnitXMLReporter -->
<testsuite ignored="3" hostname="ThejuIdepaPad" failures="0" tests="1" name="Default test" time="9.301" errors="0" timestamp="2025-11-07T07:56:42 IST">
  <testcase classname="testscript.LoginTest" name="verifyLoginwithValidCredentials" time="4.289"/>
  <testcase classname="testscript.LoginTest" name="verifyLoginInvalidUsernameValidPassword" time="0.0">
    <ignored/>
  </testcase> <!-- verifyLoginInvalidUsernameValidPassword -->
  <testcase classname="testscript.LoginTest" name="verifyLoginInvalidCredentials" time="0.0">
    <ignored/>
  </testcase> <!-- verifyLoginInvalidCredentials -->
  <testcase classname="testscript.LoginTest" name="verifyLoginValidUsernameInvalidPassword" time="0.0">
    <ignored/>
  </testcase> <!-- verifyLoginValidUsernameInvalidPassword -->
</testsuite> <!-- Default test -->
