<?xml version="1.0" encoding="UTF-8"?>
<!-- Generated by org.testng.reporters.JUnitXMLReporter -->
<testsuite ignored="0" hostname="ThejuIdepaPad" failures="1" tests="12" name="Chrome Test" time="108.122" errors="0" timestamp="2025-11-19T07:38:26 IST">
  <testcase classname="testscript.HomeTest" name="verifyLogout" time="6.781"/>
  <testcase classname="testscript.AdminTest" name="createAdmin" time="9.776"/>
  <testcase classname="testscript.NewsTest" name="addNews" time="7.464"/>
  <testcase classname="testscript.NewsTest" name="reset" time="5.351"/>
  <testcase classname="testscript.NewsTest" name="returntoHome" time="5.354"/>
  <testcase classname="testscript.NewsTest" name="searchNews" time="13.915">
    <failure type="org.openqa.selenium.ElementNotInteractableException" message="element not interactable
  (Session info: chrome=142.0.7444.164)
Build info: version: &amp;apos;4.31.0&amp;apos;, revision: &amp;apos;1ef9f18787*&amp;apos;
System info: os.name: &amp;apos;Windows 11&amp;apos;, os.arch: &amp;apos;amd64&amp;apos;, os.version: &amp;apos;10.0&amp;apos;, java.version: &amp;apos;21.0.8&amp;apos;
Driver info: org.openqa.selenium.chrome.ChromeDriver
Command: [4c54db7a4c9b966f614f224466d7bb77, clickElement {id=f.A187B020D170EB3BC0F8732D70AF3850.d.035B67286CFB12F2AAB309CCFFBD934C.e.39}]
Capabilities {acceptInsecureCerts: false, browserName: chrome, browserVersion: 142.0.7444.164, chrome: {chromedriverVersion: 142.0.7444.175 (302067f14a4..., userDataDir: C:\Users\Thejus\AppData\Loc...}, fedcm:accounts: true, goog:chromeOptions: {debuggerAddress: localhost:52645}, goog:processID: 33136, networkConnectionEnabled: false, pageLoadStrategy: normal, platformName: windows, proxy: Proxy(), se:cdp: ws://localhost:52645/devtoo..., se:cdpVersion: 142.0.7444.164, setWindowRect: true, strictFileInteractability: false, timeouts: {implicit: 0, pageLoad: 300000, script: 30000}, unhandledPromptBehavior: dismiss and notify, webauthn:extension:credBlob: true, webauthn:extension:largeBlob: true, webauthn:extension:minPinLength: true, webauthn:extension:prf: true, webauthn:virtualAuthenticators: true}
Element: [[ChromeDriver: chrome on windows (4c54db7a4c9b966f614f224466d7bb77)] -&amp;gt; xpath: //button[@class=&amp;apos;btn btn-danger btn-fix&amp;apos;]]
Session ID: 4c54db7a4c9b966f614f224466d7bb77">
      <![CDATA[org.openqa.selenium.ElementNotInteractableException: element not interactable
  (Session info: chrome=142.0.7444.164)
Build info: version: '4.31.0', revision: '1ef9f18787*'
System info: os.name: 'Windows 11', os.arch: 'amd64', os.version: '10.0', java.version: '21.0.8'
Driver info: org.openqa.selenium.chrome.ChromeDriver
Command: [4c54db7a4c9b966f614f224466d7bb77, clickElement {id=f.A187B020D170EB3BC0F8732D70AF3850.d.035B67286CFB12F2AAB309CCFFBD934C.e.39}]
Capabilities {acceptInsecureCerts: false, browserName: chrome, browserVersion: 142.0.7444.164, chrome: {chromedriverVersion: 142.0.7444.175 (302067f14a4..., userDataDir: C:\Users\Thejus\AppData\Loc...}, fedcm:accounts: true, goog:chromeOptions: {debuggerAddress: localhost:52645}, goog:processID: 33136, networkConnectionEnabled: false, pageLoadStrategy: normal, platformName: windows, proxy: Proxy(), se:cdp: ws://localhost:52645/devtoo..., se:cdpVersion: 142.0.7444.164, setWindowRect: true, strictFileInteractability: false, timeouts: {implicit: 0, pageLoad: 300000, script: 30000}, unhandledPromptBehavior: dismiss and notify, webauthn:extension:credBlob: true, webauthn:extension:largeBlob: true, webauthn:extension:minPinLength: true, webauthn:extension:prf: true, webauthn:virtualAuthenticators: true}
Element: [[ChromeDriver: chrome on windows (4c54db7a4c9b966f614f224466d7bb77)] -> xpath: //button[@class='btn btn-danger btn-fix']]
Session ID: 4c54db7a4c9b966f614f224466d7bb77
at org.openqa.selenium.remote.ErrorCodec.decode(ErrorCodec.java:167)
at org.openqa.selenium.remote.codec.w3c.W3CHttpResponseCodec.decode(W3CHttpResponseCodec.java:138)
at org.openqa.selenium.remote.codec.w3c.W3CHttpResponseCodec.decode(W3CHttpResponseCodec.java:50)
at org.openqa.selenium.remote.HttpCommandExecutor.execute(HttpCommandExecutor.java:215)
at org.openqa.selenium.remote.service.DriverCommandExecutor.invokeExecute(DriverCommandExecutor.java:216)
at org.openqa.selenium.remote.service.DriverCommandExecutor.execute(DriverCommandExecutor.java:174)
at org.openqa.selenium.remote.RemoteWebDriver.execute(RemoteWebDriver.java:545)
at org.openqa.selenium.remote.RemoteWebElement.execute(RemoteWebElement.java:223)
at org.openqa.selenium.remote.RemoteWebElement.click(RemoteWebElement.java:76)
at org.openqa.selenium.support.pagefactory.internal.LocatingElementHandler.invoke(LocatingElementHandler.java:51)
at jdk.proxy2/jdk.proxy2.$Proxy14.click(Unknown Source)
at pages.NewsPage.searchNews(NewsPage.java:53)
at testscript.NewsTest.searchNews(NewsTest.java:42)
at java.base/java.util.ArrayList.forEach(ArrayList.java:1596)
... Removed 30 stack frames]]>
    </failure>
  </testcase> <!-- searchNews -->
  <testcase classname="testscript.LoginTest" name="verifyLoginwithValidCredentials" time="2.24"/>
  <testcase classname="testscript.LoginTest" name="verifyLoginInvalidUsernameValidPassword" time="1.6"/>
  <testcase classname="testscript.LoginTest" name="verifyLoginValidUsernameInvalidPassword" time="1.677"/>
  <testcase classname="testscript.LoginTest" name="verifyLoginInvalidCredentials" time="1.48"/>
  <testcase classname="testscript.LoginTest" name="verifyLoginInvalidCredentials" time="1.412"/>
  <testcase classname="testscript.LoginTest" name="verifyLoginInvalidCredentials" time="1.373"/>
</testsuite> <!-- Chrome Test -->
