<?xml version="1.0" encoding="UTF-8"?>
<!-- Generated by org.testng.reporters.JUnitXMLReporter -->
<testsuite ignored="0" hostname="ThejuIdepaPad" failures="1" tests="12" name="Firefox Test" time="134.079" errors="0" timestamp="2025-11-19T07:40:40 IST">
  <testcase classname="testscript.HomeTest" name="verifyLogout" time="3.114"/>
  <testcase classname="testscript.AdminTest" name="createAdmin" time="8.546"/>
  <testcase classname="testscript.NewsTest" name="addNews" time="6.2"/>
  <testcase classname="testscript.NewsTest" name="reset" time="5.342"/>
  <testcase classname="testscript.NewsTest" name="returntoHome" time="5.529"/>
  <testcase classname="testscript.NewsTest" name="searchNews" time="3.202">
    <failure type="org.openqa.selenium.ElementNotInteractableException" message="Element &amp;lt;button class=&amp;quot;btn btn-danger btn-fix&amp;quot; name=&amp;quot;Search&amp;quot; type=&amp;quot;submit&amp;quot;&amp;gt; could not be scrolled into view
Build info: version: &amp;apos;4.31.0&amp;apos;, revision: &amp;apos;1ef9f18787*&amp;apos;
System info: os.name: &amp;apos;Windows 11&amp;apos;, os.arch: &amp;apos;amd64&amp;apos;, os.version: &amp;apos;10.0&amp;apos;, java.version: &amp;apos;21.0.8&amp;apos;
Driver info: org.openqa.selenium.firefox.FirefoxDriver
Command: [3781d5f5-10c1-4352-b32e-d2b73a58e664, clickElement {id=c5a9d311-2a4b-40c7-9ddc-75c301663f85}]
Capabilities {acceptInsecureCerts: true, browserName: firefox, browserVersion: 145.0, moz:accessibilityChecks: false, moz:buildID: 20251106194447, moz:geckodriverVersion: 0.36.0, moz:headless: false, moz:platformVersion: 10.0, moz:processID: 33348, moz:profile: C:\Users\Thejus\AppData\Loc..., moz:shutdownTimeout: 60000, moz:webdriverClick: true, moz:windowless: false, pageLoadStrategy: normal, platformName: windows, proxy: Proxy(), setWindowRect: true, strictFileInteractability: false, timeouts: {implicit: 0, pageLoad: 300000, script: 30000}, unhandledPromptBehavior: dismiss and notify, userAgent: Mozilla/5.0 (Windows NT 10....}
Element: [[FirefoxDriver: firefox on windows (3781d5f5-10c1-4352-b32e-d2b73a58e664)] -&amp;gt; xpath: //button[@class=&amp;apos;btn btn-danger btn-fix&amp;apos;]]
Session ID: 3781d5f5-10c1-4352-b32e-d2b73a58e664">
      <![CDATA[org.openqa.selenium.ElementNotInteractableException: Element <button class="btn btn-danger btn-fix" name="Search" type="submit"> could not be scrolled into view
Build info: version: '4.31.0', revision: '1ef9f18787*'
System info: os.name: 'Windows 11', os.arch: 'amd64', os.version: '10.0', java.version: '21.0.8'
Driver info: org.openqa.selenium.firefox.FirefoxDriver
Command: [3781d5f5-10c1-4352-b32e-d2b73a58e664, clickElement {id=c5a9d311-2a4b-40c7-9ddc-75c301663f85}]
Capabilities {acceptInsecureCerts: true, browserName: firefox, browserVersion: 145.0, moz:accessibilityChecks: false, moz:buildID: 20251106194447, moz:geckodriverVersion: 0.36.0, moz:headless: false, moz:platformVersion: 10.0, moz:processID: 33348, moz:profile: C:\Users\Thejus\AppData\Loc..., moz:shutdownTimeout: 60000, moz:webdriverClick: true, moz:windowless: false, pageLoadStrategy: normal, platformName: windows, proxy: Proxy(), setWindowRect: true, strictFileInteractability: false, timeouts: {implicit: 0, pageLoad: 300000, script: 30000}, unhandledPromptBehavior: dismiss and notify, userAgent: Mozilla/5.0 (Windows NT 10....}
Element: [[FirefoxDriver: firefox on windows (3781d5f5-10c1-4352-b32e-d2b73a58e664)] -> xpath: //button[@class='btn btn-danger btn-fix']]
Session ID: 3781d5f5-10c1-4352-b32e-d2b73a58e664
at org.openqa.selenium.remote.ErrorCodec.decode(ErrorCodec.java:167)
at org.openqa.selenium.remote.codec.w3c.W3CHttpResponseCodec.decode(W3CHttpResponseCodec.java:138)
at org.openqa.selenium.remote.codec.w3c.W3CHttpResponseCodec.decode(W3CHttpResponseCodec.java:50)
at org.openqa.selenium.remote.HttpCommandExecutor.execute(HttpCommandExecutor.java:215)
at org.openqa.selenium.remote.service.DriverCommandExecutor.invokeExecute(DriverCommandExecutor.java:216)
at org.openqa.selenium.remote.service.DriverCommandExecutor.execute(DriverCommandExecutor.java:174)
at org.openqa.selenium.remote.RemoteWebDriver.execute(RemoteWebDriver.java:545)
at org.openqa.selenium.remote.RemoteWebElement.execute(RemoteWebElement.java:223)
at org.openqa.selenium.remote.RemoteWebElement.click(RemoteWebElement.java:76)
at org.openqa.selenium.support.pagefactory.internal.LocatingElementHandler.invoke(LocatingElementHandler.java:51)
at jdk.proxy2/jdk.proxy2.$Proxy14.click(Unknown Source)
at pages.NewsPage.searchNews(NewsPage.java:53)
at testscript.NewsTest.searchNews(NewsTest.java:42)
at java.base/java.util.ArrayList.forEach(ArrayList.java:1596)
... Removed 30 stack frames]]>
    </failure>
  </testcase> <!-- searchNews -->
  <testcase classname="testscript.LoginTest" name="verifyLoginwithValidCredentials" time="1.825"/>
  <testcase classname="testscript.LoginTest" name="verifyLoginInvalidUsernameValidPassword" time="1.014"/>
  <testcase classname="testscript.LoginTest" name="verifyLoginValidUsernameInvalidPassword" time="1.049"/>
  <testcase classname="testscript.LoginTest" name="verifyLoginInvalidCredentials" time="1.017"/>
  <testcase classname="testscript.LoginTest" name="verifyLoginInvalidCredentials" time="1.032"/>
  <testcase classname="testscript.LoginTest" name="verifyLoginInvalidCredentials" time="1.009"/>
</testsuite> <!-- Firefox Test -->
