<?xml version="1.0" encoding="UTF-8"?>
<!-- Generated by org.testng.reporters.JUnitXMLReporter -->
<testsuite ignored="3" hostname="ThejuIdepaPad" failures="0" tests="1" name="Test" time="10.868" errors="0" timestamp="2025-11-18T08:19:55 IST">
  <testcase classname="testscript.NewsTest" name="addNews" time="6.78"/>
  <testcase classname="testscript.NewsTest" name="searchNews" time="0.0">
    <ignored/>
  </testcase> <!-- searchNews -->
  <testcase classname="testscript.NewsTest" name="reset" time="0.0">
    <ignored/>
  </testcase> <!-- reset -->
  <testcase classname="testscript.NewsTest" name="returntoHome" time="0.0">
    <ignored/>
  </testcase> <!-- returntoHome -->
</testsuite> <!-- Test -->
